<?xml version="1.0" encoding="UTF-8"?>
<!-- Generated by org.testng.reporters.JUnitXMLReporter -->
<testsuite ignored="0" hostname="LENOVO-PC" failures="1" tests="1" name="Test runner2" time="61.373" errors="0" timestamp="2022-08-19T10:37:46 IST">
  <testcase classname="TestScript.VerifyOnlineAdmissionSystem" name="verifyapplicationForm" time="0.005">
    <failure type="java.lang.AssertionError" message="null">
      <![CDATA[java.lang.AssertionError: null
at TestScript.VerifyOnlineAdmissionSystem.verifyapplicationForm(VerifyOnlineAdmissionSystem.java:22)
at java.base/java.util.ArrayList.forEach(ArrayList.java:1511)
at java.base/java.util.concurrent.FutureTask.run(FutureTask.java:264)
at java.base/java.util.concurrent.ThreadPoolExecutor.runWorker(ThreadPoolExecutor.java:1130)
at java.base/java.util.concurrent.ThreadPoolExecutor$Worker.run(ThreadPoolExecutor.java:630)
at java.base/java.lang.Thread.run(Thread.java:831)
... Removed 20 stack frames]]>
    </failure>
  </testcase> <!-- verifyapplicationForm -->
</testsuite> <!-- Test runner2 -->
