<?xml version="1.0" encoding="UTF-8"?>
<!-- Generated by org.testng.reporters.JUnitXMLReporter -->
<testsuite ignored="5" hostname="LENOVO-PC" failures="0" tests="6" name="Test" time="0.105" errors="0" timestamp="2022-08-17T13:42:22 IST">
  <testcase classname="dummyproject.StudentTest" name="createStudentdetailsTest" time="0.014"/>
  <testcase classname="dummyproject.StudentTest" name="deleteStudentdetailsTest" time="0.001"/>
  <testcase classname="dummyproject.StudentTest" name="modifyStudentsdetailsTest" time="0.002"/>
  <testcase classname="dummyproject.Createform" name="fatherdetails" time="0.001"/>
  <testcase classname="dummyproject.Createform" name="motherdetails" time="0.002"/>
  <testcase classname="dummyproject.Createform" name="registerform" time="0.002"/>
  <testcase classname="dummyproject.Updateaccount" name="update" time="0.0">
    <ignored/>
  </testcase> <!-- update -->
  <testcase classname="dummyproject.Deleteaccount" name="deleteuraccount" time="0.0">
    <ignored/>
  </testcase> <!-- deleteuraccount -->
  <testcase classname="dummyproject.Createaccount" name="delete" time="0.0">
    <ignored/>
  </testcase> <!-- delete -->
  <testcase classname="dummyproject.Createaccount" name="registeration" time="0.0">
    <ignored/>
  </testcase> <!-- registeration -->
  <testcase classname="dummyproject.Createaccount" name="modify" time="0.0">
    <ignored/>
  </testcase> <!-- modify -->
</testsuite> <!-- Test -->
