<?xml version="1.0" encoding="UTF-8"?>
<!-- Generated by org.testng.reporters.JUnitXMLReporter -->
<testsuite ignored="0" hostname="LENOVO-PC" failures="1" tests="1" name="Test" time="11.639" errors="0" timestamp="2022-08-19T12:23:13 IST">
  <testcase classname="TestScript.VerifyOnlineAdmissionSystem" name="verifyapplicationForm" time="0.029">
    <failure type="java.lang.AssertionError" message="null">
      <![CDATA[java.lang.AssertionError: null
at TestScript.VerifyOnlineAdmissionSystem.verifyapplicationForm(VerifyOnlineAdmissionSystem.java:22)
at java.base/java.util.ArrayList.forEach(ArrayList.java:1511)
... Removed 29 stack frames]]>
    </failure>
  </testcase> <!-- verifyapplicationForm -->
</testsuite> <!-- Test -->
