<?xml version="1.0" encoding="UTF-8"?>
<!-- Generated by org.testng.reporters.JUnitXMLReporter -->
<testsuite hostname="LENOVO-PC" ignored="0" name="Testn" tests="5" failures="1" timestamp="2022-08-25T10:19:46 IST" time="70.246" errors="0">
  <testcase name="verifyapplicationForm" time="0.053" classname="TestScript.VerifyOnlineAdmissionSystem">
    <skipped/>
  </testcase> <!-- verifyapplicationForm -->
  <testcase name="verifyapplicationForm" time="0.004" classname="TestScript.VerifyOnlineAdmissionSystem">
    <skipped/>
  </testcase> <!-- verifyapplicationForm -->
  <testcase name="verifyapplicationForm" time="0.004" classname="TestScript.VerifyOnlineAdmissionSystem">
    <skipped/>
  </testcase> <!-- verifyapplicationForm -->
  <testcase name="verifyapplicationForm" time="0.008" classname="TestScript.VerifyOnlineAdmissionSystem">
    <skipped/>
  </testcase> <!-- verifyapplicationForm -->
  <testcase name="verifyapplicationForm" time="0.009" classname="TestScript.VerifyOnlineAdmissionSystem">
    <failure type="java.lang.AssertionError" message="null">
      <![CDATA[java.lang.AssertionError: null
at TestScript.VerifyOnlineAdmissionSystem.verifyapplicationForm(VerifyOnlineAdmissionSystem.java:23)
at java.util.ArrayList.forEach(ArrayList.java:1259)
... Removed 29 stack frames]]>
    </failure>
  </testcase> <!-- verifyapplicationForm -->
</testsuite> <!-- Testn -->
